<?xml version="1.0" encoding="UTF-8"?>
<!-- Generated by org.testng.reporters.JUnitReportReporter -->
<testsuite skipped="0" hostname="MDLT222" name="ExcelData.DataProviderWithExcel" tests="4" failures="0" timestamp="30 Aug 2017 06:21:46 GMT" time="0.010" errors="0">
  <testcase name="Registration_data" time="0.000" classname="ExcelData.DataProviderWithExcel"/>
  <testcase name="Registration_data" time="0.000" classname="ExcelData.DataProviderWithExcel"/>
  <testcase name="Registration_data" time="0.010" classname="ExcelData.DataProviderWithExcel"/>
  <testcase name="Registration_data" time="0.000" classname="ExcelData.DataProviderWithExcel"/>
</testsuite> <!-- ExcelData.DataProviderWithExcel -->
