<?xml version="1.0" encoding="UTF-8"?>
<!-- Generated by org.testng.reporters.JUnitReportReporter -->
<testsuite skipped="0" hostname="NDTSB01" name="BusinessReusables.ReusableScripts" tests="1" failures="0" timestamp="18 Sep 2017 05:24:09 GMT" time="24.323" errors="0">
  <testcase name="testScript1" time="24.323" classname="BusinessReusables.ReusableScripts"/>
</testsuite> <!-- BusinessReusables.ReusableScripts -->
