<?xml version="1.0" encoding="UTF-8"?>
<!-- Generated by org.testng.reporters.JUnitReportReporter -->
<testsuite skipped="0" hostname="MDLT222" name="ExcelData.DataProviderWithExcel_001" tests="4" failures="0" timestamp="29 Aug 2017 16:57:45 GMT" time="0.031" errors="0">
  <testcase name="Registration_data" time="0.000" classname="ExcelData.DataProviderWithExcel_001"/>
  <testcase name="Registration_data" time="0.016" classname="ExcelData.DataProviderWithExcel_001"/>
  <testcase name="Registration_data" time="0.015" classname="ExcelData.DataProviderWithExcel_001"/>
  <testcase name="Registration_data" time="0.000" classname="ExcelData.DataProviderWithExcel_001"/>
</testsuite> <!-- ExcelData.DataProviderWithExcel_001 -->
